2025.01.08 14:23:18 INFO  Started: Metals version 1.4.2 in folders '/home/shahzaibkashif/coding_app/api_coding_app' for client Visual Studio Code 1.95.2.
2025.01.08 14:23:22 INFO  no build target found for /home/shahzaibkashif/coding_app/api_coding_app/chisel-template/build.sbt. Using presentation compiler with project's scala-library version: 3.3.4
2025.01.08 14:23:23 INFO  no build target found for /home/shahzaibkashif/coding_app/api_coding_app/chisel-template/build.sbt. Using presentation compiler with project's scala-library version: 3.3.4
Jan 08, 2025 2:23:24 PM org.eclipse.lsp4j.jsonrpc.RemoteEndpoint handleCancellation
WARNING: Unmatched cancel notification for request id 3
2025.01.08 14:23:23 INFO  no build target found for /home/shahzaibkashif/coding_app/api_coding_app/chisel-template/build.sbt. Using presentation compiler with project's scala-library version: 3.3.4
2025.01.08 14:23:24 INFO  no build target found for /home/shahzaibkashif/coding_app/api_coding_app/chisel-template/build.sbt. Using presentation compiler with project's scala-library version: 3.3.4
Jan 08, 2025 2:23:24 PM org.eclipse.lsp4j.jsonrpc.RemoteEndpoint handleCancellation
WARNING: Unmatched cancel notification for request id 4
2025.01.08 14:23:23 INFO  no build target found for /home/shahzaibkashif/coding_app/api_coding_app/chisel-template/build.sbt. Using presentation compiler with project's scala-library version: 3.3.4
2025.01.08 14:23:23 INFO  no build target found for /home/shahzaibkashif/coding_app/api_coding_app/chisel-template/build.sbt. Using presentation compiler with project's scala-library version: 3.3.4
Jan 08, 2025 2:23:24 PM org.eclipse.lsp4j.jsonrpc.RemoteEndpoint handleCancellation
WARNING: Unmatched cancel notification for request id 1
2025.01.08 14:23:23 INFO  no build target found for /home/shahzaibkashif/coding_app/api_coding_app/chisel-template/build.sbt. Using presentation compiler with project's scala-library version: 3.3.4
2025.01.08 14:23:23 INFO  no build target found for /home/shahzaibkashif/coding_app/api_coding_app/chisel-template/build.sbt. Using presentation compiler with project's scala-library version: 3.3.4
Jan 08, 2025 2:23:24 PM org.eclipse.lsp4j.jsonrpc.RemoteEndpoint handleCancellation
WARNING: Unmatched cancel notification for request id 13
2025.01.08 14:23:23 INFO  no build target found for /home/shahzaibkashif/coding_app/api_coding_app/chisel-template/build.sbt. Using presentation compiler with project's scala-library version: 3.3.4
Jan 08, 2025 2:23:25 PM org.eclipse.lsp4j.jsonrpc.RemoteEndpoint handleCancellation
WARNING: Unmatched cancel notification for request id 18
2025.01.08 14:23:25 INFO  no build target found for /home/shahzaibkashif/coding_app/api_coding_app/chisel-template/build.sbt. Using presentation compiler with project's scala-library version: 3.3.4
2025.01.08 14:23:25 INFO  no build target found for /home/shahzaibkashif/coding_app/api_coding_app/chisel-template/build.sbt. Using presentation compiler with project's scala-library version: 3.3.4
2025.01.08 14:23:25 INFO  no build target found for /home/shahzaibkashif/coding_app/api_coding_app/chisel-template/build.sbt. Using presentation compiler with project's scala-library version: 3.3.4
2025.01.08 14:23:25 INFO  no build target found for /home/shahzaibkashif/coding_app/api_coding_app/chisel-template/build.sbt. Using presentation compiler with project's scala-library version: 3.3.4
2025.01.08 14:23:25 INFO  no build target found for /home/shahzaibkashif/coding_app/api_coding_app/chisel-template/build.sbt. Using presentation compiler with project's scala-library version: 3.3.4
Jan 08, 2025 2:23:25 PM org.eclipse.lsp4j.jsonrpc.RemoteEndpoint handleCancellation
WARNING: Unmatched cancel notification for request id 28
2025.01.08 14:23:25 INFO  no build target found for /home/shahzaibkashif/coding_app/api_coding_app/chisel-template/build.sbt. Using presentation compiler with project's scala-library version: 3.3.4
2025.01.08 14:23:25 INFO  no build target found for /home/shahzaibkashif/coding_app/api_coding_app/chisel-template/build.sbt. Using presentation compiler with project's scala-library version: 3.3.4
Jan 08, 2025 2:23:25 PM org.eclipse.lsp4j.jsonrpc.RemoteEndpoint handleCancellation
WARNING: Unmatched cancel notification for request id 30
2025.01.08 14:23:25 INFO  no build target found for /home/shahzaibkashif/coding_app/api_coding_app/chisel-template/build.sbt. Using presentation compiler with project's scala-library version: 3.3.4
2025.01.08 14:23:25 INFO  no build target found for /home/shahzaibkashif/coding_app/api_coding_app/chisel-template/build.sbt. Using presentation compiler with project's scala-library version: 3.3.4
Jan 08, 2025 2:23:25 PM org.eclipse.lsp4j.jsonrpc.RemoteEndpoint handleCancellation
WARNING: Unmatched cancel notification for request id 31
2025.01.08 14:23:25 INFO  no build target found for /home/shahzaibkashif/coding_app/api_coding_app/chisel-template/build.sbt. Using presentation compiler with project's scala-library version: 3.3.4
2025.01.08 14:23:26 WARN  no build target for: /home/shahzaibkashif/coding_app/api_coding_app/chisel-template/build.sbt
2025.01.08 14:23:26 INFO  no build target found for /home/shahzaibkashif/coding_app/api_coding_app/chisel-template/build.sbt. Using presentation compiler with project's scala-library version: 3.3.4
2025.01.08 14:31:30 INFO  no build target found for /home/shahzaibkashif/coding_app/api_coding_app/chisel-template/build.sbt. Using presentation compiler with project's scala-library version: 3.3.4
2025.01.08 14:31:58 INFO  no build target found for /home/shahzaibkashif/coding_app/api_coding_app/chisel-template/build.sbt. Using presentation compiler with project's scala-library version: 3.3.4
2025.01.08 14:31:58 INFO  no build target found for /home/shahzaibkashif/coding_app/api_coding_app/chisel-template/build.sbt. Using presentation compiler with project's scala-library version: 3.3.4
2025.01.08 14:31:58 INFO  no build target found for /home/shahzaibkashif/coding_app/api_coding_app/chisel-template/build.sbt. Using presentation compiler with project's scala-library version: 3.3.4
2025.01.08 14:31:59 INFO  no build target found for /home/shahzaibkashif/coding_app/api_coding_app/chisel-template/build.sbt. Using presentation compiler with project's scala-library version: 3.3.4
2025.01.08 14:31:59 INFO  no build target found for /home/shahzaibkashif/coding_app/api_coding_app/chisel-template/build.sbt. Using presentation compiler with project's scala-library version: 3.3.4
2025.01.08 14:31:59 INFO  no build target found for /home/shahzaibkashif/coding_app/api_coding_app/chisel-template/build.sbt. Using presentation compiler with project's scala-library version: 3.3.4
2025.01.08 14:32:00 INFO  no build target found for /home/shahzaibkashif/coding_app/api_coding_app/chisel-template/build.sbt. Using presentation compiler with project's scala-library version: 3.3.4
2025.01.08 14:32:00 INFO  no build target found for /home/shahzaibkashif/coding_app/api_coding_app/chisel-template/build.sbt. Using presentation compiler with project's scala-library version: 3.3.4
2025.01.08 14:32:00 INFO  no build target found for /home/shahzaibkashif/coding_app/api_coding_app/chisel-template/build.sbt. Using presentation compiler with project's scala-library version: 3.3.4
2025.01.08 14:32:02 INFO  no build target found for /home/shahzaibkashif/coding_app/api_coding_app/chisel-template/build.sbt. Using presentation compiler with project's scala-library version: 3.3.4
2025.01.08 14:32:03 INFO  no build target found for /home/shahzaibkashif/coding_app/api_coding_app/chisel-template/build.sbt. Using presentation compiler with project's scala-library version: 3.3.4
2025.01.08 14:32:03 INFO  no build target found for /home/shahzaibkashif/coding_app/api_coding_app/chisel-template/build.sbt. Using presentation compiler with project's scala-library version: 3.3.4
2025.01.08 14:32:03 INFO  no build target found for /home/shahzaibkashif/coding_app/api_coding_app/chisel-template/build.sbt. Using presentation compiler with project's scala-library version: 3.3.4
2025.01.08 14:32:03 INFO  no build target found for /home/shahzaibkashif/coding_app/api_coding_app/chisel-template/build.sbt. Using presentation compiler with project's scala-library version: 3.3.4
2025.01.08 14:32:04 WARN  no build target for: /home/shahzaibkashif/coding_app/api_coding_app/chisel-template/build.sbt
2025.01.08 14:32:04 INFO  no build target found for /home/shahzaibkashif/coding_app/api_coding_app/chisel-template/build.sbt. Using presentation compiler with project's scala-library version: 3.3.4
2025.01.08 14:32:03 INFO  no build target found for /home/shahzaibkashif/coding_app/api_coding_app/chisel-template/build.sbt. Using presentation compiler with project's scala-library version: 3.3.4
2025.01.08 14:32:03 INFO  no build target found for /home/shahzaibkashif/coding_app/api_coding_app/chisel-template/build.sbt. Using presentation compiler with project's scala-library version: 3.3.4
2025.01.08 14:32:03 INFO  no build target found for /home/shahzaibkashif/coding_app/api_coding_app/chisel-template/build.sbt. Using presentation compiler with project's scala-library version: 3.3.4
2025.01.08 14:32:04 INFO  no build target found for /home/shahzaibkashif/coding_app/api_coding_app/chisel-template/build.sbt. Using presentation compiler with project's scala-library version: 3.3.4
2025.01.08 14:32:04 INFO  no build target found for /home/shahzaibkashif/coding_app/api_coding_app/chisel-template/build.sbt. Using presentation compiler with project's scala-library version: 3.3.4
2025.01.08 14:32:04 INFO  no build target found for /home/shahzaibkashif/coding_app/api_coding_app/chisel-template/build.sbt. Using presentation compiler with project's scala-library version: 3.3.4
2025.01.08 14:32:05 INFO  no build target found for /home/shahzaibkashif/coding_app/api_coding_app/chisel-template/build.sbt. Using presentation compiler with project's scala-library version: 3.3.4
2025.01.08 14:32:04 INFO  no build target found for /home/shahzaibkashif/coding_app/api_coding_app/chisel-template/build.sbt. Using presentation compiler with project's scala-library version: 3.3.4
2025.01.08 14:32:07 WARN  no build target for: /home/shahzaibkashif/coding_app/api_coding_app/chisel-template/build.sbt
2025.01.08 14:32:07 INFO  no build target found for /home/shahzaibkashif/coding_app/api_coding_app/chisel-template/build.sbt. Using presentation compiler with project's scala-library version: 3.3.4
2025.01.08 14:32:07 INFO  no build target found for /home/shahzaibkashif/coding_app/api_coding_app/chisel-template/build.sbt. Using presentation compiler with project's scala-library version: 3.3.4
2025.01.08 14:32:07 INFO  no build target found for /home/shahzaibkashif/coding_app/api_coding_app/chisel-template/build.sbt. Using presentation compiler with project's scala-library version: 3.3.4
2025.01.08 14:33:03 INFO  no build target found for /home/shahzaibkashif/coding_app/api_coding_app/chisel-template/src/test/scala/gcd/GCDSpec.scala. Using presentation compiler with project's scala-library version: 3.3.4
2025.01.08 14:33:04 INFO  no build target found for /home/shahzaibkashif/coding_app/api_coding_app/chisel-template/src/test/scala/gcd/GCDSpec.scala. Using presentation compiler with project's scala-library version: 3.3.4
2025.01.08 14:33:03 INFO  no build target found for /home/shahzaibkashif/coding_app/api_coding_app/chisel-template/src/test/scala/gcd/GCDSpec.scala. Using presentation compiler with project's scala-library version: 3.3.4
2025.01.08 14:33:03 INFO  no build target found for /home/shahzaibkashif/coding_app/api_coding_app/chisel-template/src/test/scala/gcd/GCDSpec.scala. Using presentation compiler with project's scala-library version: 3.3.4
2025.01.08 14:33:03 INFO  no build target found for /home/shahzaibkashif/coding_app/api_coding_app/chisel-template/src/test/scala/gcd/GCDSpec.scala. Using presentation compiler with project's scala-library version: 3.3.4
Jan 08, 2025 2:33:04 PM org.eclipse.lsp4j.jsonrpc.RemoteEndpoint handleCancellation
WARNING: Unmatched cancel notification for request id 89
2025.01.08 14:33:03 INFO  no build target found for /home/shahzaibkashif/coding_app/api_coding_app/chisel-template/src/test/scala/gcd/GCDSpec.scala. Using presentation compiler with project's scala-library version: 3.3.4
Jan 08, 2025 2:33:05 PM org.eclipse.lsp4j.jsonrpc.RemoteEndpoint handleCancellation
WARNING: Unmatched cancel notification for request id 93
2025.01.08 14:33:05 INFO  no build target found for /home/shahzaibkashif/coding_app/api_coding_app/chisel-template/src/test/scala/gcd/GCDSpec.scala. Using presentation compiler with project's scala-library version: 3.3.4
Jan 08, 2025 2:33:05 PM org.eclipse.lsp4j.jsonrpc.RemoteEndpoint handleCancellation
WARNING: Unmatched cancel notification for request id 96
2025.01.08 14:33:05 INFO  no build target found for /home/shahzaibkashif/coding_app/api_coding_app/chisel-template/src/test/scala/gcd/GCDSpec.scala. Using presentation compiler with project's scala-library version: 3.3.4
2025.01.08 14:33:05 INFO  no build target found for /home/shahzaibkashif/coding_app/api_coding_app/chisel-template/src/test/scala/gcd/GCDSpec.scala. Using presentation compiler with project's scala-library version: 3.3.4
2025.01.08 14:33:05 INFO  no build target found for /home/shahzaibkashif/coding_app/api_coding_app/chisel-template/src/test/scala/gcd/GCDSpec.scala. Using presentation compiler with project's scala-library version: 3.3.4
2025.01.08 14:33:05 INFO  no build target found for /home/shahzaibkashif/coding_app/api_coding_app/chisel-template/src/test/scala/gcd/GCDSpec.scala. Using presentation compiler with project's scala-library version: 3.3.4
2025.01.08 14:33:06 INFO  no build target found for /home/shahzaibkashif/coding_app/api_coding_app/chisel-template/src/test/scala/gcd/GCDSpec.scala. Using presentation compiler with project's scala-library version: 3.3.4
2025.01.08 14:33:06 WARN  Could not find semantic tokens for: file:///home/shahzaibkashif/coding_app/api_coding_app/chisel-template/src/test/scala/gcd/GCDSpec.scala
2025.01.08 14:33:06 WARN  no build target for: /home/shahzaibkashif/coding_app/api_coding_app/chisel-template/src/test/scala/gcd/GCDSpec.scala
2025.01.08 14:33:06 INFO  no build target found for /home/shahzaibkashif/coding_app/api_coding_app/chisel-template/src/test/scala/gcd/GCDSpec.scala. Using presentation compiler with project's scala-library version: 3.3.4
2025.01.08 14:33:06 INFO  no build target found for /home/shahzaibkashif/coding_app/api_coding_app/chisel-template/src/test/scala/gcd/GCDSpec.scala. Using presentation compiler with project's scala-library version: 3.3.4
2025.01.08 14:33:06 WARN  Could not find semantic tokens for: file:///home/shahzaibkashif/coding_app/api_coding_app/chisel-template/src/test/scala/gcd/GCDSpec.scala
2025.01.08 14:33:07 INFO  no build target found for /home/shahzaibkashif/coding_app/api_coding_app/chisel-template/src/test/scala/gcd/GCDSpec.scala. Using presentation compiler with project's scala-library version: 3.3.4
2025.01.08 14:33:07 INFO  no build target found for /home/shahzaibkashif/coding_app/api_coding_app/chisel-template/src/test/scala/gcd/GCDSpec.scala. Using presentation compiler with project's scala-library version: 3.3.4
2025.01.08 14:33:07 INFO  no build target found for /home/shahzaibkashif/coding_app/api_coding_app/chisel-template/src/test/scala/gcd/GCDSpec.scala. Using presentation compiler with project's scala-library version: 3.3.4
2025.01.08 14:33:08 WARN  no build target for: /home/shahzaibkashif/coding_app/api_coding_app/chisel-template/src/test/scala/gcd/GCDSpec.scala
2025.01.08 14:33:08 INFO  no build target found for /home/shahzaibkashif/coding_app/api_coding_app/chisel-template/src/test/scala/gcd/GCDSpec.scala. Using presentation compiler with project's scala-library version: 3.3.4
2025.01.08 14:33:08 INFO  no build target found for /home/shahzaibkashif/coding_app/api_coding_app/chisel-template/src/test/scala/gcd/GCDSpec.scala. Using presentation compiler with project's scala-library version: 3.3.4
2025.01.08 14:33:09 INFO  no build target found for /home/shahzaibkashif/coding_app/api_coding_app/chisel-template/src/test/scala/gcd/GCDSpec.scala. Using presentation compiler with project's scala-library version: 3.3.4
2025.01.08 14:33:09 INFO  no build target found for /home/shahzaibkashif/coding_app/api_coding_app/chisel-template/src/test/scala/gcd/GCDSpec.scala. Using presentation compiler with project's scala-library version: 3.3.4
2025.01.08 14:33:09 WARN  Could not find semantic tokens for: file:///home/shahzaibkashif/coding_app/api_coding_app/chisel-template/src/test/scala/gcd/GCDSpec.scala
2025.01.08 14:33:11 WARN  no build target for: /home/shahzaibkashif/coding_app/api_coding_app/chisel-template/src/test/scala/gcd/GCDSpec.scala
2025.01.08 14:33:11 INFO  no build target found for /home/shahzaibkashif/coding_app/api_coding_app/chisel-template/src/test/scala/gcd/GCDSpec.scala. Using presentation compiler with project's scala-library version: 3.3.4
2025.01.08 14:33:11 INFO  no build target found for /home/shahzaibkashif/coding_app/api_coding_app/chisel-template/src/test/scala/gcd/GCDSpec.scala. Using presentation compiler with project's scala-library version: 3.3.4
2025.01.08 14:33:11 WARN  Could not find semantic tokens for: file:///home/shahzaibkashif/coding_app/api_coding_app/chisel-template/src/test/scala/gcd/GCDSpec.scala
2025.01.08 14:33:18 INFO  no build target found for /home/shahzaibkashif/coding_app/api_coding_app/chisel-template/src/test/scala/gcd/GCDSpec.scala. Using presentation compiler with project's scala-library version: 3.3.4
2025.01.08 14:33:18 INFO  no build target found for /home/shahzaibkashif/coding_app/api_coding_app/chisel-template/src/test/scala/gcd/GCDSpec.scala. Using presentation compiler with project's scala-library version: 3.3.4
2025.01.08 14:33:18 INFO  no build target found for /home/shahzaibkashif/coding_app/api_coding_app/chisel-template/src/test/scala/gcd/GCDSpec.scala. Using presentation compiler with project's scala-library version: 3.3.4
2025.01.08 14:33:19 WARN  no build target for: /home/shahzaibkashif/coding_app/api_coding_app/chisel-template/src/test/scala/gcd/GCDSpec.scala
2025.01.08 14:33:19 INFO  no build target found for /home/shahzaibkashif/coding_app/api_coding_app/chisel-template/src/test/scala/gcd/GCDSpec.scala. Using presentation compiler with project's scala-library version: 3.3.4
2025.01.08 14:33:19 INFO  no build target found for /home/shahzaibkashif/coding_app/api_coding_app/chisel-template/src/test/scala/gcd/GCDSpec.scala. Using presentation compiler with project's scala-library version: 3.3.4
2025.01.08 14:35:35 INFO  no build target found for /home/shahzaibkashif/coding_app/api_coding_app/chisel-template/src/test/scala/gcd/GCDSpec.scala. Using presentation compiler with project's scala-library version: 3.3.4
2025.01.08 14:35:35 INFO  no build target found for /home/shahzaibkashif/coding_app/api_coding_app/chisel-template/src/test/scala/gcd/GCDSpec.scala. Using presentation compiler with project's scala-library version: 3.3.4
2025.01.08 14:35:36 INFO  no build target found for /home/shahzaibkashif/coding_app/api_coding_app/chisel-template/src/test/scala/gcd/GCDSpec.scala. Using presentation compiler with project's scala-library version: 3.3.4
2025.01.08 14:35:36 WARN  Could not find semantic tokens for: file:///home/shahzaibkashif/coding_app/api_coding_app/chisel-template/src/test/scala/gcd/GCDSpec.scala
2025.01.08 14:35:38 WARN  no build target for: /home/shahzaibkashif/coding_app/api_coding_app/chisel-template/src/test/scala/gcd/GCDSpec.scala
2025.01.08 14:35:38 INFO  no build target found for /home/shahzaibkashif/coding_app/api_coding_app/chisel-template/src/test/scala/gcd/GCDSpec.scala. Using presentation compiler with project's scala-library version: 3.3.4
2025.01.08 14:35:38 INFO  no build target found for /home/shahzaibkashif/coding_app/api_coding_app/chisel-template/src/test/scala/gcd/GCDSpec.scala. Using presentation compiler with project's scala-library version: 3.3.4
2025.01.08 14:35:38 WARN  Could not find semantic tokens for: file:///home/shahzaibkashif/coding_app/api_coding_app/chisel-template/src/test/scala/gcd/GCDSpec.scala
2025.01.08 14:35:38 INFO  no build target found for /home/shahzaibkashif/coding_app/api_coding_app/chisel-template/src/main/scala/gcd/DecoupledGCD.scala. Using presentation compiler with project's scala-library version: 3.3.4
2025.01.08 14:35:38 INFO  no build target found for /home/shahzaibkashif/coding_app/api_coding_app/chisel-template/src/main/scala/gcd/DecoupledGCD.scala. Using presentation compiler with project's scala-library version: 3.3.4
2025.01.08 14:35:38 INFO  no build target found for /home/shahzaibkashif/coding_app/api_coding_app/chisel-template/src/main/scala/gcd/DecoupledGCD.scala. Using presentation compiler with project's scala-library version: 3.3.4
2025.01.08 14:35:39 INFO  no build target found for /home/shahzaibkashif/coding_app/api_coding_app/chisel-template/src/main/scala/gcd/DecoupledGCD.scala. Using presentation compiler with project's scala-library version: 3.3.4
2025.01.08 14:35:39 INFO  no build target found for /home/shahzaibkashif/coding_app/api_coding_app/chisel-template/src/main/scala/gcd/DecoupledGCD.scala. Using presentation compiler with project's scala-library version: 3.3.4
2025.01.08 14:35:39 INFO  no build target found for /home/shahzaibkashif/coding_app/api_coding_app/chisel-template/src/main/scala/gcd/DecoupledGCD.scala. Using presentation compiler with project's scala-library version: 3.3.4
2025.01.08 14:35:39 WARN  Could not find semantic tokens for: file:///home/shahzaibkashif/coding_app/api_coding_app/chisel-template/src/main/scala/gcd/DecoupledGCD.scala
2025.01.08 14:35:40 WARN  no build target for: /home/shahzaibkashif/coding_app/api_coding_app/chisel-template/src/main/scala/gcd/DecoupledGCD.scala
2025.01.08 14:35:40 INFO  no build target found for /home/shahzaibkashif/coding_app/api_coding_app/chisel-template/src/main/scala/gcd/DecoupledGCD.scala. Using presentation compiler with project's scala-library version: 3.3.4
2025.01.08 14:35:40 INFO  no build target found for /home/shahzaibkashif/coding_app/api_coding_app/chisel-template/src/main/scala/gcd/DecoupledGCD.scala. Using presentation compiler with project's scala-library version: 3.3.4
2025.01.08 14:35:40 WARN  Could not find semantic tokens for: file:///home/shahzaibkashif/coding_app/api_coding_app/chisel-template/src/main/scala/gcd/DecoupledGCD.scala
2025.01.08 14:35:41 INFO  no build target found for /home/shahzaibkashif/coding_app/api_coding_app/chisel-template/src/main/scala/gcd/GCD.scala. Using presentation compiler with project's scala-library version: 3.3.4
2025.01.08 14:35:40 INFO  no build target found for /home/shahzaibkashif/coding_app/api_coding_app/chisel-template/src/main/scala/gcd/GCD.scala. Using presentation compiler with project's scala-library version: 3.3.4
2025.01.08 14:35:41 INFO  no build target found for /home/shahzaibkashif/coding_app/api_coding_app/chisel-template/src/main/scala/gcd/GCD.scala. Using presentation compiler with project's scala-library version: 3.3.4
2025.01.08 14:35:41 INFO  no build target found for /home/shahzaibkashif/coding_app/api_coding_app/chisel-template/src/main/scala/gcd/GCD.scala. Using presentation compiler with project's scala-library version: 3.3.4
2025.01.08 14:35:41 INFO  no build target found for /home/shahzaibkashif/coding_app/api_coding_app/chisel-template/src/main/scala/gcd/GCD.scala. Using presentation compiler with project's scala-library version: 3.3.4
2025.01.08 14:35:41 INFO  no build target found for /home/shahzaibkashif/coding_app/api_coding_app/chisel-template/src/main/scala/gcd/GCD.scala. Using presentation compiler with project's scala-library version: 3.3.4
2025.01.08 14:35:41 INFO  no build target found for /home/shahzaibkashif/coding_app/api_coding_app/chisel-template/src/main/scala/gcd/GCD.scala. Using presentation compiler with project's scala-library version: 3.3.4
2025.01.08 14:35:42 INFO  no build target found for /home/shahzaibkashif/coding_app/api_coding_app/chisel-template/src/main/scala/gcd/GCD.scala. Using presentation compiler with project's scala-library version: 3.3.4
2025.01.08 14:35:42 INFO  no build target found for /home/shahzaibkashif/coding_app/api_coding_app/chisel-template/src/main/scala/gcd/GCD.scala. Using presentation compiler with project's scala-library version: 3.3.4
2025.01.08 14:35:42 WARN  Could not find semantic tokens for: file:///home/shahzaibkashif/coding_app/api_coding_app/chisel-template/src/main/scala/gcd/GCD.scala
2025.01.08 14:35:43 WARN  no build target for: /home/shahzaibkashif/coding_app/api_coding_app/chisel-template/src/main/scala/gcd/GCD.scala
2025.01.08 14:35:43 INFO  no build target found for /home/shahzaibkashif/coding_app/api_coding_app/chisel-template/src/main/scala/gcd/GCD.scala. Using presentation compiler with project's scala-library version: 3.3.4
2025.01.08 14:35:43 INFO  no build target found for /home/shahzaibkashif/coding_app/api_coding_app/chisel-template/src/main/scala/gcd/GCD.scala. Using presentation compiler with project's scala-library version: 3.3.4
2025.01.08 14:35:43 WARN  Could not find semantic tokens for: file:///home/shahzaibkashif/coding_app/api_coding_app/chisel-template/src/main/scala/gcd/GCD.scala
Jan 08, 2025 2:39:52 PM org.eclipse.lsp4j.jsonrpc.RemoteEndpoint handleNotification
WARNING: Notification threw an exception: {
  "jsonrpc": "2.0",
  "method": "metals/didFocusTextDocument",
  "params": [
    "untitled:Untitled-1"
  ]
}
java.nio.file.FileSystemNotFoundException: Provider "untitled" not installed
	at java.base/java.nio.file.Path.of(Path.java:212)
	at java.base/java.nio.file.Paths.get(Paths.java:98)
	at scala.meta.internal.mtags.MtagsEnrichments$XtensionURIMtags.toAbsolutePath(MtagsEnrichments.scala:130)
	at scala.meta.internal.mtags.MtagsEnrichments$XtensionStringMtags.toAbsolutePath(MtagsEnrichments.scala:190)
	at scala.meta.internal.metals.MetalsEnrichments$XtensionString.toAbsolutePath(MetalsEnrichments.scala:774)
	at scala.meta.internal.metals.MetalsEnrichments$XtensionString.toAbsolutePath(MetalsEnrichments.scala:771)
	at scala.meta.internal.metals.WorkspaceLspService.didFocus(WorkspaceLspService.scala:718)
	at scala.meta.metals.lsp.DelegatingScalaService.didFocus(DelegatingScalaService.scala:43)
	at java.base/jdk.internal.reflect.NativeMethodAccessorImpl.invoke0(Native Method)
	at java.base/jdk.internal.reflect.NativeMethodAccessorImpl.invoke(NativeMethodAccessorImpl.java:77)
	at java.base/jdk.internal.reflect.DelegatingMethodAccessorImpl.invoke(DelegatingMethodAccessorImpl.java:43)
	at java.base/java.lang.reflect.Method.invoke(Method.java:568)
	at org.eclipse.lsp4j.jsonrpc.services.GenericEndpoint.lambda$recursiveFindRpcMethods$0(GenericEndpoint.java:65)
	at org.eclipse.lsp4j.jsonrpc.services.GenericEndpoint.notify(GenericEndpoint.java:160)
	at org.eclipse.lsp4j.jsonrpc.RemoteEndpoint.handleNotification(RemoteEndpoint.java:231)
	at org.eclipse.lsp4j.jsonrpc.RemoteEndpoint.consume(RemoteEndpoint.java:198)
	at org.eclipse.lsp4j.jsonrpc.json.StreamMessageProducer.handleMessage(StreamMessageProducer.java:185)
	at org.eclipse.lsp4j.jsonrpc.json.StreamMessageProducer.listen(StreamMessageProducer.java:97)
	at org.eclipse.lsp4j.jsonrpc.json.ConcurrentMessageProcessor.run(ConcurrentMessageProcessor.java:114)
	at java.base/java.util.concurrent.Executors$RunnableAdapter.call(Executors.java:539)
	at java.base/java.util.concurrent.FutureTask.run(FutureTask.java:264)
	at java.base/java.util.concurrent.ThreadPoolExecutor.runWorker(ThreadPoolExecutor.java:1136)
	at java.base/java.util.concurrent.ThreadPoolExecutor$Worker.run(ThreadPoolExecutor.java:635)
	at java.base/java.lang.Thread.run(Thread.java:833)

Jan 08, 2025 2:40:20 PM org.eclipse.lsp4j.jsonrpc.RemoteEndpoint handleNotification
WARNING: Notification threw an exception: {
  "jsonrpc": "2.0",
  "method": "metals/didFocusTextDocument",
  "params": [
    "untitled:Untitled-1"
  ]
}
java.nio.file.FileSystemNotFoundException: Provider "untitled" not installed
	at java.base/java.nio.file.Path.of(Path.java:212)
	at java.base/java.nio.file.Paths.get(Paths.java:98)
	at scala.meta.internal.mtags.MtagsEnrichments$XtensionURIMtags.toAbsolutePath(MtagsEnrichments.scala:130)
	at scala.meta.internal.mtags.MtagsEnrichments$XtensionStringMtags.toAbsolutePath(MtagsEnrichments.scala:190)
	at scala.meta.internal.metals.MetalsEnrichments$XtensionString.toAbsolutePath(MetalsEnrichments.scala:774)
	at scala.meta.internal.metals.MetalsEnrichments$XtensionString.toAbsolutePath(MetalsEnrichments.scala:771)
	at scala.meta.internal.metals.WorkspaceLspService.didFocus(WorkspaceLspService.scala:718)
	at scala.meta.metals.lsp.DelegatingScalaService.didFocus(DelegatingScalaService.scala:43)
	at java.base/jdk.internal.reflect.NativeMethodAccessorImpl.invoke0(Native Method)
	at java.base/jdk.internal.reflect.NativeMethodAccessorImpl.invoke(NativeMethodAccessorImpl.java:77)
	at java.base/jdk.internal.reflect.DelegatingMethodAccessorImpl.invoke(DelegatingMethodAccessorImpl.java:43)
	at java.base/java.lang.reflect.Method.invoke(Method.java:568)
	at org.eclipse.lsp4j.jsonrpc.services.GenericEndpoint.lambda$recursiveFindRpcMethods$0(GenericEndpoint.java:65)
	at org.eclipse.lsp4j.jsonrpc.services.GenericEndpoint.notify(GenericEndpoint.java:160)
	at org.eclipse.lsp4j.jsonrpc.RemoteEndpoint.handleNotification(RemoteEndpoint.java:231)
	at org.eclipse.lsp4j.jsonrpc.RemoteEndpoint.consume(RemoteEndpoint.java:198)
	at org.eclipse.lsp4j.jsonrpc.json.StreamMessageProducer.handleMessage(StreamMessageProducer.java:185)
	at org.eclipse.lsp4j.jsonrpc.json.StreamMessageProducer.listen(StreamMessageProducer.java:97)
	at org.eclipse.lsp4j.jsonrpc.json.ConcurrentMessageProcessor.run(ConcurrentMessageProcessor.java:114)
	at java.base/java.util.concurrent.Executors$RunnableAdapter.call(Executors.java:539)
	at java.base/java.util.concurrent.FutureTask.run(FutureTask.java:264)
	at java.base/java.util.concurrent.ThreadPoolExecutor.runWorker(ThreadPoolExecutor.java:1136)
	at java.base/java.util.concurrent.ThreadPoolExecutor$Worker.run(ThreadPoolExecutor.java:635)
	at java.base/java.lang.Thread.run(Thread.java:833)

2025.01.08 15:21:58 INFO  Started: Metals version 1.4.2 in folders '/home/shahzaibkashif/coding_app/api_coding_app' for client Visual Studio Code 1.95.2.
2025.01.08 15:21:59 INFO  time: initialize in 0.18s
Jan 08, 2025 3:22:18 PM org.eclipse.lsp4j.jsonrpc.RemoteEndpoint handleNotification
WARNING: Notification threw an exception: {
  "jsonrpc": "2.0",
  "method": "metals/didFocusTextDocument",
  "params": [
    "untitled:Untitled-1"
  ]
}
java.nio.file.FileSystemNotFoundException: Provider "untitled" not installed
	at java.base/java.nio.file.Path.of(Path.java:212)
	at java.base/java.nio.file.Paths.get(Paths.java:98)
	at scala.meta.internal.mtags.MtagsEnrichments$XtensionURIMtags.toAbsolutePath(MtagsEnrichments.scala:130)
	at scala.meta.internal.mtags.MtagsEnrichments$XtensionStringMtags.toAbsolutePath(MtagsEnrichments.scala:190)
	at scala.meta.internal.metals.MetalsEnrichments$XtensionString.toAbsolutePath(MetalsEnrichments.scala:774)
	at scala.meta.internal.metals.MetalsEnrichments$XtensionString.toAbsolutePath(MetalsEnrichments.scala:771)
	at scala.meta.internal.metals.WorkspaceLspService.didFocus(WorkspaceLspService.scala:718)
	at scala.meta.metals.lsp.DelegatingScalaService.didFocus(DelegatingScalaService.scala:43)
	at java.base/jdk.internal.reflect.NativeMethodAccessorImpl.invoke0(Native Method)
	at java.base/jdk.internal.reflect.NativeMethodAccessorImpl.invoke(NativeMethodAccessorImpl.java:77)
	at java.base/jdk.internal.reflect.DelegatingMethodAccessorImpl.invoke(DelegatingMethodAccessorImpl.java:43)
	at java.base/java.lang.reflect.Method.invoke(Method.java:568)
	at org.eclipse.lsp4j.jsonrpc.services.GenericEndpoint.lambda$recursiveFindRpcMethods$0(GenericEndpoint.java:65)
	at org.eclipse.lsp4j.jsonrpc.services.GenericEndpoint.notify(GenericEndpoint.java:160)
	at org.eclipse.lsp4j.jsonrpc.RemoteEndpoint.handleNotification(RemoteEndpoint.java:231)
	at org.eclipse.lsp4j.jsonrpc.RemoteEndpoint.consume(RemoteEndpoint.java:198)
	at org.eclipse.lsp4j.jsonrpc.json.StreamMessageProducer.handleMessage(StreamMessageProducer.java:185)
	at org.eclipse.lsp4j.jsonrpc.json.StreamMessageProducer.listen(StreamMessageProducer.java:97)
	at org.eclipse.lsp4j.jsonrpc.json.ConcurrentMessageProcessor.run(ConcurrentMessageProcessor.java:114)
	at java.base/java.util.concurrent.Executors$RunnableAdapter.call(Executors.java:539)
	at java.base/java.util.concurrent.FutureTask.run(FutureTask.java:264)
	at java.base/java.util.concurrent.ThreadPoolExecutor.runWorker(ThreadPoolExecutor.java:1136)
	at java.base/java.util.concurrent.ThreadPoolExecutor$Worker.run(ThreadPoolExecutor.java:635)
	at java.base/java.lang.Thread.run(Thread.java:833)

Jan 08, 2025 3:23:12 PM org.eclipse.lsp4j.jsonrpc.RemoteEndpoint handleNotification
WARNING: Notification threw an exception: {
  "jsonrpc": "2.0",
  "method": "metals/didFocusTextDocument",
  "params": [
    "untitled:test_Untitled-1"
  ]
}
java.nio.file.FileSystemNotFoundException: Provider "untitled" not installed
	at java.base/java.nio.file.Path.of(Path.java:212)
	at java.base/java.nio.file.Paths.get(Paths.java:98)
	at scala.meta.internal.mtags.MtagsEnrichments$XtensionURIMtags.toAbsolutePath(MtagsEnrichments.scala:130)
	at scala.meta.internal.mtags.MtagsEnrichments$XtensionStringMtags.toAbsolutePath(MtagsEnrichments.scala:190)
	at scala.meta.internal.metals.MetalsEnrichments$XtensionString.toAbsolutePath(MetalsEnrichments.scala:774)
	at scala.meta.internal.metals.MetalsEnrichments$XtensionString.toAbsolutePath(MetalsEnrichments.scala:771)
	at scala.meta.internal.metals.WorkspaceLspService.didFocus(WorkspaceLspService.scala:718)
	at scala.meta.metals.lsp.DelegatingScalaService.didFocus(DelegatingScalaService.scala:43)
	at java.base/jdk.internal.reflect.NativeMethodAccessorImpl.invoke0(Native Method)
	at java.base/jdk.internal.reflect.NativeMethodAccessorImpl.invoke(NativeMethodAccessorImpl.java:77)
	at java.base/jdk.internal.reflect.DelegatingMethodAccessorImpl.invoke(DelegatingMethodAccessorImpl.java:43)
	at java.base/java.lang.reflect.Method.invoke(Method.java:568)
	at org.eclipse.lsp4j.jsonrpc.services.GenericEndpoint.lambda$recursiveFindRpcMethods$0(GenericEndpoint.java:65)
	at org.eclipse.lsp4j.jsonrpc.services.GenericEndpoint.notify(GenericEndpoint.java:160)
	at org.eclipse.lsp4j.jsonrpc.RemoteEndpoint.handleNotification(RemoteEndpoint.java:231)
	at org.eclipse.lsp4j.jsonrpc.RemoteEndpoint.consume(RemoteEndpoint.java:198)
	at org.eclipse.lsp4j.jsonrpc.json.StreamMessageProducer.handleMessage(StreamMessageProducer.java:185)
	at org.eclipse.lsp4j.jsonrpc.json.StreamMessageProducer.listen(StreamMessageProducer.java:97)
	at org.eclipse.lsp4j.jsonrpc.json.ConcurrentMessageProcessor.run(ConcurrentMessageProcessor.java:114)
	at java.base/java.util.concurrent.Executors$RunnableAdapter.call(Executors.java:539)
	at java.base/java.util.concurrent.FutureTask.run(FutureTask.java:264)
	at java.base/java.util.concurrent.ThreadPoolExecutor.runWorker(ThreadPoolExecutor.java:1136)
	at java.base/java.util.concurrent.ThreadPoolExecutor$Worker.run(ThreadPoolExecutor.java:635)
	at java.base/java.lang.Thread.run(Thread.java:833)

Jan 08, 2025 3:23:12 PM org.eclipse.lsp4j.jsonrpc.RemoteEndpoint handleNotification
WARNING: Notification threw an exception: {
  "jsonrpc": "2.0",
  "method": "metals/didFocusTextDocument",
  "params": [
    "untitled:Untitled-1"
  ]
}
java.nio.file.FileSystemNotFoundException: Provider "untitled" not installed
	at java.base/java.nio.file.Path.of(Path.java:212)
	at java.base/java.nio.file.Paths.get(Paths.java:98)
	at scala.meta.internal.mtags.MtagsEnrichments$XtensionURIMtags.toAbsolutePath(MtagsEnrichments.scala:130)
	at scala.meta.internal.mtags.MtagsEnrichments$XtensionStringMtags.toAbsolutePath(MtagsEnrichments.scala:190)
	at scala.meta.internal.metals.MetalsEnrichments$XtensionString.toAbsolutePath(MetalsEnrichments.scala:774)
	at scala.meta.internal.metals.MetalsEnrichments$XtensionString.toAbsolutePath(MetalsEnrichments.scala:771)
	at scala.meta.internal.metals.WorkspaceLspService.didFocus(WorkspaceLspService.scala:718)
	at scala.meta.metals.lsp.DelegatingScalaService.didFocus(DelegatingScalaService.scala:43)
	at java.base/jdk.internal.reflect.NativeMethodAccessorImpl.invoke0(Native Method)
	at java.base/jdk.internal.reflect.NativeMethodAccessorImpl.invoke(NativeMethodAccessorImpl.java:77)
	at java.base/jdk.internal.reflect.DelegatingMethodAccessorImpl.invoke(DelegatingMethodAccessorImpl.java:43)
	at java.base/java.lang.reflect.Method.invoke(Method.java:568)
	at org.eclipse.lsp4j.jsonrpc.services.GenericEndpoint.lambda$recursiveFindRpcMethods$0(GenericEndpoint.java:65)
	at org.eclipse.lsp4j.jsonrpc.services.GenericEndpoint.notify(GenericEndpoint.java:160)
	at org.eclipse.lsp4j.jsonrpc.RemoteEndpoint.handleNotification(RemoteEndpoint.java:231)
	at org.eclipse.lsp4j.jsonrpc.RemoteEndpoint.consume(RemoteEndpoint.java:198)
	at org.eclipse.lsp4j.jsonrpc.json.StreamMessageProducer.handleMessage(StreamMessageProducer.java:185)
	at org.eclipse.lsp4j.jsonrpc.json.StreamMessageProducer.listen(StreamMessageProducer.java:97)
	at org.eclipse.lsp4j.jsonrpc.json.ConcurrentMessageProcessor.run(ConcurrentMessageProcessor.java:114)
	at java.base/java.util.concurrent.Executors$RunnableAdapter.call(Executors.java:539)
	at java.base/java.util.concurrent.FutureTask.run(FutureTask.java:264)
	at java.base/java.util.concurrent.ThreadPoolExecutor.runWorker(ThreadPoolExecutor.java:1136)
	at java.base/java.util.concurrent.ThreadPoolExecutor$Worker.run(ThreadPoolExecutor.java:635)
	at java.base/java.lang.Thread.run(Thread.java:833)

2025.01.08 15:26:36 INFO  Shutting down server
2025.01.08 15:26:36 INFO  shutting down Metals
2025.01.08 15:26:36 ERROR Unexpected error initializing server: 
org.eclipse.lsp4j.jsonrpc.ResponseErrorException: Request window/showMessageRequest failed with message: Canceled
	at org.eclipse.lsp4j.jsonrpc.RemoteEndpoint.handleResponse(RemoteEndpoint.java:220)
	at org.eclipse.lsp4j.jsonrpc.RemoteEndpoint.consume(RemoteEndpoint.java:204)
	at org.eclipse.lsp4j.jsonrpc.json.StreamMessageProducer.handleMessage(StreamMessageProducer.java:185)
	at org.eclipse.lsp4j.jsonrpc.json.StreamMessageProducer.listen(StreamMessageProducer.java:97)
	at org.eclipse.lsp4j.jsonrpc.json.ConcurrentMessageProcessor.run(ConcurrentMessageProcessor.java:114)
	at java.util.concurrent.Executors$RunnableAdapter.call(Executors.java:539)
	at java.util.concurrent.FutureTask.run(FutureTask.java:264)
	at java.util.concurrent.ThreadPoolExecutor.runWorker(ThreadPoolExecutor.java:1136)
	at java.util.concurrent.ThreadPoolExecutor$Worker.run(ThreadPoolExecutor.java:635)
	at java.lang.Thread.run(Thread.java:833)

2025.01.08 15:26:36 INFO  Exiting server
2025.01.08 15:45:33 INFO  no build target found for /home/shahzaibkashif/coding_app/api_coding_app/chisel-template/src/main/scala/ChiselCode.scala. Using presentation compiler with project's scala-library version: 3.3.4
2025.01.08 15:45:34 WARN  no build target for: /home/shahzaibkashif/coding_app/api_coding_app/chisel-template/src/main/scala/ChiselCode.scala
2025.01.08 15:45:34 INFO  no build target found for /home/shahzaibkashif/coding_app/api_coding_app/chisel-template/src/main/scala/ChiselCode.scala. Using presentation compiler with project's scala-library version: 3.3.4
2025.01.08 15:45:35 INFO  no build target found for /home/shahzaibkashif/coding_app/api_coding_app/chisel-template/src/main/scala/ChiselCode.scala. Using presentation compiler with project's scala-library version: 3.3.4
2025.01.08 15:45:36 WARN  Could not find semantic tokens for: file:///home/shahzaibkashif/coding_app/api_coding_app/chisel-template/src/main/scala/ChiselCode.scala
2025.01.08 15:45:56 INFO  no build target found for /home/shahzaibkashif/coding_app/api_coding_app/chisel-template/src/test/scala/TestCase.scala. Using presentation compiler with project's scala-library version: 3.3.4
2025.01.08 15:45:56 WARN  no build target for: /home/shahzaibkashif/coding_app/api_coding_app/chisel-template/src/test/scala/TestCase.scala
2025.01.08 15:45:56 INFO  no build target found for /home/shahzaibkashif/coding_app/api_coding_app/chisel-template/src/test/scala/TestCase.scala. Using presentation compiler with project's scala-library version: 3.3.4
2025.01.08 15:45:57 INFO  no build target found for /home/shahzaibkashif/coding_app/api_coding_app/chisel-template/src/test/scala/TestCase.scala. Using presentation compiler with project's scala-library version: 3.3.4
2025.01.08 15:45:57 WARN  Could not find semantic tokens for: file:///home/shahzaibkashif/coding_app/api_coding_app/chisel-template/src/test/scala/TestCase.scala
2025.01.08 15:48:34 INFO  no build target found for /home/shahzaibkashif/coding_app/api_coding_app/chisel-template/src/main/scala/ChiselCode.scala. Using presentation compiler with project's scala-library version: 3.3.4
2025.01.08 15:48:56 INFO  no build target found for /home/shahzaibkashif/coding_app/api_coding_app/chisel-template/src/test/scala/TestCase.scala. Using presentation compiler with project's scala-library version: 3.3.4
2025.01.08 15:49:05 INFO  no build target found for /home/shahzaibkashif/coding_app/api_coding_app/chisel-template/src/main/scala/ChiselCode.scala. Using presentation compiler with project's scala-library version: 3.3.4
2025.01.08 15:49:05 INFO  no build target found for /home/shahzaibkashif/coding_app/api_coding_app/chisel-template/src/main/scala/ChiselCode.scala. Using presentation compiler with project's scala-library version: 3.3.4
2025.01.08 15:49:06 INFO  no build target found for /home/shahzaibkashif/coding_app/api_coding_app/chisel-template/src/main/scala/ChiselCode.scala. Using presentation compiler with project's scala-library version: 3.3.4
2025.01.08 15:49:06 INFO  no build target found for /home/shahzaibkashif/coding_app/api_coding_app/chisel-template/src/main/scala/ChiselCode.scala. Using presentation compiler with project's scala-library version: 3.3.4
2025.01.08 15:49:09 INFO  no build target found for /home/shahzaibkashif/coding_app/api_coding_app/chisel-template/src/main/scala/ChiselCode.scala. Using presentation compiler with project's scala-library version: 3.3.4
2025.01.08 15:49:10 INFO  no build target found for /home/shahzaibkashif/coding_app/api_coding_app/chisel-template/src/main/scala/ChiselCode.scala. Using presentation compiler with project's scala-library version: 3.3.4
2025.01.08 15:49:10 INFO  no build target found for /home/shahzaibkashif/coding_app/api_coding_app/chisel-template/src/main/scala/ChiselCode.scala. Using presentation compiler with project's scala-library version: 3.3.4
2025.01.08 15:49:10 INFO  no build target found for /home/shahzaibkashif/coding_app/api_coding_app/chisel-template/src/main/scala/ChiselCode.scala. Using presentation compiler with project's scala-library version: 3.3.4
2025.01.08 15:49:12 INFO  no build target found for /home/shahzaibkashif/coding_app/api_coding_app/chisel-template/src/main/scala/ChiselCode.scala. Using presentation compiler with project's scala-library version: 3.3.4
2025.01.08 15:49:13 INFO  no build target found for /home/shahzaibkashif/coding_app/api_coding_app/chisel-template/src/main/scala/ChiselCode.scala. Using presentation compiler with project's scala-library version: 3.3.4
2025.01.08 15:49:37 INFO  no build target found for /home/shahzaibkashif/coding_app/api_coding_app/chisel-template/src/main/scala/ChiselCode.scala. Using presentation compiler with project's scala-library version: 3.3.4
2025.01.08 15:49:37 INFO  no build target found for /home/shahzaibkashif/coding_app/api_coding_app/chisel-template/src/main/scala/ChiselCode.scala. Using presentation compiler with project's scala-library version: 3.3.4
2025.01.08 15:49:38 INFO  no build target found for /home/shahzaibkashif/coding_app/api_coding_app/chisel-template/src/main/scala/ChiselCode.scala. Using presentation compiler with project's scala-library version: 3.3.4
2025.01.08 15:49:38 INFO  no build target found for /home/shahzaibkashif/coding_app/api_coding_app/chisel-template/src/main/scala/ChiselCode.scala. Using presentation compiler with project's scala-library version: 3.3.4
2025.01.08 15:49:38 INFO  no build target found for /home/shahzaibkashif/coding_app/api_coding_app/chisel-template/src/main/scala/ChiselCode.scala. Using presentation compiler with project's scala-library version: 3.3.4
2025.01.08 15:49:38 WARN  no build target for: /home/shahzaibkashif/coding_app/api_coding_app/chisel-template/src/main/scala/ChiselCode.scala
2025.01.08 15:49:38 INFO  no build target found for /home/shahzaibkashif/coding_app/api_coding_app/chisel-template/src/main/scala/ChiselCode.scala. Using presentation compiler with project's scala-library version: 3.3.4
2025.01.08 15:49:39 INFO  no build target found for /home/shahzaibkashif/coding_app/api_coding_app/chisel-template/src/main/scala/ChiselCode.scala. Using presentation compiler with project's scala-library version: 3.3.4
2025.01.08 15:49:38 INFO  no build target found for /home/shahzaibkashif/coding_app/api_coding_app/chisel-template/src/main/scala/ChiselCode.scala. Using presentation compiler with project's scala-library version: 3.3.4
2025.01.08 15:49:40 WARN  no build target for: /home/shahzaibkashif/coding_app/api_coding_app/chisel-template/src/main/scala/ChiselCode.scala
2025.01.08 15:49:40 INFO  no build target found for /home/shahzaibkashif/coding_app/api_coding_app/chisel-template/src/main/scala/ChiselCode.scala. Using presentation compiler with project's scala-library version: 3.3.4
2025.01.08 15:49:40 INFO  no build target found for /home/shahzaibkashif/coding_app/api_coding_app/chisel-template/src/main/scala/ChiselCode.scala. Using presentation compiler with project's scala-library version: 3.3.4
2025.01.08 15:49:41 INFO  no build target found for /home/shahzaibkashif/coding_app/api_coding_app/chisel-template/src/main/scala/ChiselCode.scala. Using presentation compiler with project's scala-library version: 3.3.4
2025.01.08 15:49:41 INFO  no build target found for /home/shahzaibkashif/coding_app/api_coding_app/chisel-template/src/main/scala/ChiselCode.scala. Using presentation compiler with project's scala-library version: 3.3.4
2025.01.08 15:49:41 INFO  no build target found for /home/shahzaibkashif/coding_app/api_coding_app/chisel-template/src/main/scala/ChiselCode.scala. Using presentation compiler with project's scala-library version: 3.3.4
2025.01.08 15:49:42 WARN  no build target for: /home/shahzaibkashif/coding_app/api_coding_app/chisel-template/src/main/scala/ChiselCode.scala
2025.01.08 15:49:42 INFO  no build target found for /home/shahzaibkashif/coding_app/api_coding_app/chisel-template/src/main/scala/ChiselCode.scala. Using presentation compiler with project's scala-library version: 3.3.4
2025.01.08 15:49:41 INFO  no build target found for /home/shahzaibkashif/coding_app/api_coding_app/chisel-template/src/main/scala/ChiselCode.scala. Using presentation compiler with project's scala-library version: 3.3.4
2025.01.08 15:49:43 INFO  no build target found for /home/shahzaibkashif/coding_app/api_coding_app/chisel-template/src/main/scala/ChiselCode.scala. Using presentation compiler with project's scala-library version: 3.3.4
2025.01.08 15:49:43 INFO  no build target found for /home/shahzaibkashif/coding_app/api_coding_app/chisel-template/src/main/scala/ChiselCode.scala. Using presentation compiler with project's scala-library version: 3.3.4
2025.01.08 15:49:45 INFO  no build target found for /home/shahzaibkashif/coding_app/api_coding_app/chisel-template/src/main/scala/ChiselCode.scala. Using presentation compiler with project's scala-library version: 3.3.4
2025.01.08 15:49:45 INFO  no build target found for /home/shahzaibkashif/coding_app/api_coding_app/chisel-template/src/main/scala/ChiselCode.scala. Using presentation compiler with project's scala-library version: 3.3.4
2025.01.08 15:49:45 INFO  no build target found for /home/shahzaibkashif/coding_app/api_coding_app/chisel-template/src/main/scala/ChiselCode.scala. Using presentation compiler with project's scala-library version: 3.3.4
2025.01.08 15:49:45 INFO  no build target found for /home/shahzaibkashif/coding_app/api_coding_app/chisel-template/src/main/scala/ChiselCode.scala. Using presentation compiler with project's scala-library version: 3.3.4
2025.01.08 15:49:45 INFO  no build target found for /home/shahzaibkashif/coding_app/api_coding_app/chisel-template/src/main/scala/ChiselCode.scala. Using presentation compiler with project's scala-library version: 3.3.4
2025.01.08 15:49:47 INFO  no build target found for /home/shahzaibkashif/coding_app/api_coding_app/chisel-template/src/main/scala/ChiselCode.scala. Using presentation compiler with project's scala-library version: 3.3.4
2025.01.08 15:49:47 INFO  no build target found for /home/shahzaibkashif/coding_app/api_coding_app/chisel-template/src/main/scala/ChiselCode.scala. Using presentation compiler with project's scala-library version: 3.3.4
2025.01.08 15:49:47 INFO  no build target found for /home/shahzaibkashif/coding_app/api_coding_app/chisel-template/src/main/scala/ChiselCode.scala. Using presentation compiler with project's scala-library version: 3.3.4
2025.01.08 15:49:47 INFO  no build target found for /home/shahzaibkashif/coding_app/api_coding_app/chisel-template/src/main/scala/ChiselCode.scala. Using presentation compiler with project's scala-library version: 3.3.4
2025.01.08 15:49:48 WARN  no build target for: /home/shahzaibkashif/coding_app/api_coding_app/chisel-template/src/main/scala/ChiselCode.scala
2025.01.08 15:49:48 INFO  no build target found for /home/shahzaibkashif/coding_app/api_coding_app/chisel-template/src/main/scala/ChiselCode.scala. Using presentation compiler with project's scala-library version: 3.3.4
2025.01.08 15:49:48 INFO  no build target found for /home/shahzaibkashif/coding_app/api_coding_app/chisel-template/src/main/scala/ChiselCode.scala. Using presentation compiler with project's scala-library version: 3.3.4
2025.01.08 15:49:48 INFO  no build target found for /home/shahzaibkashif/coding_app/api_coding_app/chisel-template/src/main/scala/ChiselCode.scala. Using presentation compiler with project's scala-library version: 3.3.4
2025.01.08 15:49:48 INFO  no build target found for /home/shahzaibkashif/coding_app/api_coding_app/chisel-template/src/main/scala/ChiselCode.scala. Using presentation compiler with project's scala-library version: 3.3.4
2025.01.08 15:49:48 INFO  no build target found for /home/shahzaibkashif/coding_app/api_coding_app/chisel-template/src/main/scala/ChiselCode.scala. Using presentation compiler with project's scala-library version: 3.3.4
2025.01.08 15:49:48 INFO  no build target found for /home/shahzaibkashif/coding_app/api_coding_app/chisel-template/src/main/scala/ChiselCode.scala. Using presentation compiler with project's scala-library version: 3.3.4
2025.01.08 15:51:16 INFO  no build target found for /home/shahzaibkashif/coding_app/api_coding_app/chisel-template/src/main/scala/ChiselCode.scala. Using presentation compiler with project's scala-library version: 3.3.4
2025.01.08 15:51:16 INFO  no build target found for /home/shahzaibkashif/coding_app/api_coding_app/chisel-template/src/main/scala/ChiselCode.scala. Using presentation compiler with project's scala-library version: 3.3.4
2025.01.08 15:51:17 INFO  no build target found for /home/shahzaibkashif/coding_app/api_coding_app/chisel-template/src/test/scala/gcd/GCDSpec.scala. Using presentation compiler with project's scala-library version: 3.3.4
2025.01.08 15:51:17 WARN  Could not find semantic tokens for: file:///home/shahzaibkashif/coding_app/api_coding_app/chisel-template/src/test/scala/gcd/GCDSpec.scala
2025.01.08 15:51:19 INFO  no build target found for /home/shahzaibkashif/coding_app/api_coding_app/chisel-template/src/test/scala/TestCase.scala. Using presentation compiler with project's scala-library version: 3.3.4
2025.01.08 15:51:19 INFO  no build target found for /home/shahzaibkashif/coding_app/api_coding_app/chisel-template/src/test/scala/TestCase.scala. Using presentation compiler with project's scala-library version: 3.3.4
2025.01.08 15:51:19 INFO  no build target found for /home/shahzaibkashif/coding_app/api_coding_app/chisel-template/src/test/scala/TestCase.scala. Using presentation compiler with project's scala-library version: 3.3.4
2025.01.08 15:51:21 INFO  no build target found for /home/shahzaibkashif/coding_app/api_coding_app/chisel-template/src/test/scala/TestCase.scala. Using presentation compiler with project's scala-library version: 3.3.4
2025.01.08 15:51:21 INFO  no build target found for /home/shahzaibkashif/coding_app/api_coding_app/chisel-template/src/test/scala/TestCase.scala. Using presentation compiler with project's scala-library version: 3.3.4
2025.01.08 15:51:21 INFO  no build target found for /home/shahzaibkashif/coding_app/api_coding_app/chisel-template/src/test/scala/TestCase.scala. Using presentation compiler with project's scala-library version: 3.3.4
2025.01.08 15:51:22 INFO  no build target found for /home/shahzaibkashif/coding_app/api_coding_app/chisel-template/src/test/scala/TestCase.scala. Using presentation compiler with project's scala-library version: 3.3.4
2025.01.08 15:51:22 INFO  no build target found for /home/shahzaibkashif/coding_app/api_coding_app/chisel-template/src/test/scala/TestCase.scala. Using presentation compiler with project's scala-library version: 3.3.4
2025.01.08 15:51:22 INFO  no build target found for /home/shahzaibkashif/coding_app/api_coding_app/chisel-template/src/test/scala/TestCase.scala. Using presentation compiler with project's scala-library version: 3.3.4
2025.01.08 15:51:22 INFO  no build target found for /home/shahzaibkashif/coding_app/api_coding_app/chisel-template/src/test/scala/TestCase.scala. Using presentation compiler with project's scala-library version: 3.3.4
2025.01.08 15:51:23 INFO  no build target found for /home/shahzaibkashif/coding_app/api_coding_app/chisel-template/src/test/scala/TestCase.scala. Using presentation compiler with project's scala-library version: 3.3.4
2025.01.08 15:51:23 WARN  no build target for: /home/shahzaibkashif/coding_app/api_coding_app/chisel-template/src/test/scala/TestCase.scala
2025.01.08 15:51:23 INFO  no build target found for /home/shahzaibkashif/coding_app/api_coding_app/chisel-template/src/test/scala/TestCase.scala. Using presentation compiler with project's scala-library version: 3.3.4
2025.01.08 15:51:23 INFO  no build target found for /home/shahzaibkashif/coding_app/api_coding_app/chisel-template/src/test/scala/TestCase.scala. Using presentation compiler with project's scala-library version: 3.3.4
2025.01.08 15:51:23 INFO  no build target found for /home/shahzaibkashif/coding_app/api_coding_app/chisel-template/src/test/scala/TestCase.scala. Using presentation compiler with project's scala-library version: 3.3.4
2025.01.08 15:52:12 INFO  no build target found for /home/shahzaibkashif/coding_app/api_coding_app/chisel-template/src/test/scala/TestCase.scala. Using presentation compiler with project's scala-library version: 3.3.4
2025.01.08 15:52:12 INFO  no build target found for /home/shahzaibkashif/coding_app/api_coding_app/chisel-template/src/test/scala/TestCase.scala. Using presentation compiler with project's scala-library version: 3.3.4
2025.01.08 15:52:12 INFO  no build target found for /home/shahzaibkashif/coding_app/api_coding_app/chisel-template/src/test/scala/TestCase.scala. Using presentation compiler with project's scala-library version: 3.3.4
2025.01.08 15:52:13 INFO  no build target found for /home/shahzaibkashif/coding_app/api_coding_app/chisel-template/src/test/scala/TestCase.scala. Using presentation compiler with project's scala-library version: 3.3.4
2025.01.08 15:52:14 INFO  no build target found for /home/shahzaibkashif/coding_app/api_coding_app/chisel-template/src/test/scala/TestCase.scala. Using presentation compiler with project's scala-library version: 3.3.4
2025.01.08 15:52:14 INFO  no build target found for /home/shahzaibkashif/coding_app/api_coding_app/chisel-template/src/test/scala/TestCase.scala. Using presentation compiler with project's scala-library version: 3.3.4
2025.01.08 15:52:14 INFO  no build target found for /home/shahzaibkashif/coding_app/api_coding_app/chisel-template/src/test/scala/TestCase.scala. Using presentation compiler with project's scala-library version: 3.3.4
2025.01.08 15:52:14 INFO  no build target found for /home/shahzaibkashif/coding_app/api_coding_app/chisel-template/src/test/scala/TestCase.scala. Using presentation compiler with project's scala-library version: 3.3.4
2025.01.08 15:52:17 INFO  no build target found for /home/shahzaibkashif/coding_app/api_coding_app/chisel-template/src/test/scala/gcd/GCDSpec.scala. Using presentation compiler with project's scala-library version: 3.3.4
2025.01.08 15:52:17 WARN  Could not find semantic tokens for: file:///home/shahzaibkashif/coding_app/api_coding_app/chisel-template/src/test/scala/gcd/GCDSpec.scala
2025.01.08 15:52:24 INFO  no build target found for /home/shahzaibkashif/coding_app/api_coding_app/chisel-template/src/test/scala/TestCase.scala. Using presentation compiler with project's scala-library version: 3.3.4
2025.01.08 15:52:24 INFO  no build target found for /home/shahzaibkashif/coding_app/api_coding_app/chisel-template/src/test/scala/TestCase.scala. Using presentation compiler with project's scala-library version: 3.3.4
2025.01.08 15:54:03 INFO  no build target found for /home/shahzaibkashif/coding_app/api_coding_app/chisel-template/src/test/scala/TestCase.scala. Using presentation compiler with project's scala-library version: 3.3.4
2025.01.08 15:54:03 INFO  no build target found for /home/shahzaibkashif/coding_app/api_coding_app/chisel-template/src/test/scala/TestCase.scala. Using presentation compiler with project's scala-library version: 3.3.4
2025.01.08 16:33:14 INFO  no build target found for /home/shahzaibkashif/coding_app/api_coding_app/chisel-template/src/test/scala/TestCase.scala. Using presentation compiler with project's scala-library version: 3.3.4
2025.01.08 16:33:16 INFO  no build target found for /home/shahzaibkashif/coding_app/api_coding_app/chisel-template/src/test/scala/TestCase.scala. Using presentation compiler with project's scala-library version: 3.3.4
2025.01.08 16:33:16 INFO  no build target found for /home/shahzaibkashif/coding_app/api_coding_app/chisel-template/src/test/scala/TestCase.scala. Using presentation compiler with project's scala-library version: 3.3.4
2025.01.08 16:33:37 INFO  no build target found for /home/shahzaibkashif/coding_app/api_coding_app/chisel-template/src/main/scala/gcd/GCD.scala. Using presentation compiler with project's scala-library version: 3.3.4
2025.01.08 16:33:37 WARN  Could not find semantic tokens for: file:///home/shahzaibkashif/coding_app/api_coding_app/chisel-template/src/main/scala/gcd/GCD.scala
2025.01.08 16:33:37 INFO  no build target found for /home/shahzaibkashif/coding_app/api_coding_app/chisel-template/src/main/scala/gcd/DecoupledGCD.scala. Using presentation compiler with project's scala-library version: 3.3.4
2025.01.08 16:33:37 WARN  Could not find semantic tokens for: file:///home/shahzaibkashif/coding_app/api_coding_app/chisel-template/src/main/scala/gcd/DecoupledGCD.scala
2025.01.08 16:33:41 INFO  no build target found for /home/shahzaibkashif/coding_app/api_coding_app/chisel-template/src/main/scala/gcd/GCD.scala. Using presentation compiler with project's scala-library version: 3.3.4
2025.01.08 16:33:41 WARN  Could not find semantic tokens for: file:///home/shahzaibkashif/coding_app/api_coding_app/chisel-template/src/main/scala/gcd/GCD.scala
2025.01.08 16:33:41 INFO  no build target found for /home/shahzaibkashif/coding_app/api_coding_app/chisel-template/src/main/scala/ChiselCode.scala. Using presentation compiler with project's scala-library version: 3.3.4
2025.01.08 16:33:42 INFO  no build target found for /home/shahzaibkashif/coding_app/api_coding_app/chisel-template/src/main/scala/ChiselCode.scala. Using presentation compiler with project's scala-library version: 3.3.4
2025.01.08 16:33:44 INFO  no build target found for /home/shahzaibkashif/coding_app/api_coding_app/chisel-template/src/main/scala/ChiselCode.scala. Using presentation compiler with project's scala-library version: 3.3.4
2025.01.08 16:33:44 INFO  no build target found for /home/shahzaibkashif/coding_app/api_coding_app/chisel-template/src/main/scala/ChiselCode.scala. Using presentation compiler with project's scala-library version: 3.3.4
2025.01.08 16:33:44 INFO  no build target found for /home/shahzaibkashif/coding_app/api_coding_app/chisel-template/src/main/scala/ChiselCode.scala. Using presentation compiler with project's scala-library version: 3.3.4
2025.01.08 16:33:44 INFO  no build target found for /home/shahzaibkashif/coding_app/api_coding_app/chisel-template/src/main/scala/ChiselCode.scala. Using presentation compiler with project's scala-library version: 3.3.4
2025.01.08 16:33:45 INFO  no build target found for /home/shahzaibkashif/coding_app/api_coding_app/chisel-template/src/main/scala/ChiselCode.scala. Using presentation compiler with project's scala-library version: 3.3.4
2025.01.08 17:17:08 INFO  no build target found for /home/shahzaibkashif/coding_app/api_coding_app/chisel-template/src/main/scala/ChiselCode.scala. Using presentation compiler with project's scala-library version: 3.3.4
2025.01.08 17:17:09 INFO  no build target found for /home/shahzaibkashif/coding_app/api_coding_app/chisel-template/src/main/scala/ChiselCode.scala. Using presentation compiler with project's scala-library version: 3.3.4
2025.01.08 17:17:08 INFO  no build target found for /home/shahzaibkashif/coding_app/api_coding_app/chisel-template/src/main/scala/ChiselCode.scala. Using presentation compiler with project's scala-library version: 3.3.4
Jan 08, 2025 5:17:12 PM org.eclipse.lsp4j.jsonrpc.RemoteEndpoint handleCancellation
WARNING: Unmatched cancel notification for request id 234
2025.01.08 17:17:12 INFO  no build target found for /home/shahzaibkashif/coding_app/api_coding_app/chisel-template/src/test/scala/TestCase.scala. Using presentation compiler with project's scala-library version: 3.3.4
2025.01.08 17:17:12 INFO  no build target found for /home/shahzaibkashif/coding_app/api_coding_app/chisel-template/src/test/scala/TestCase.scala. Using presentation compiler with project's scala-library version: 3.3.4
2025.01.08 17:17:12 INFO  no build target found for /home/shahzaibkashif/coding_app/api_coding_app/chisel-template/src/test/scala/TestCase.scala. Using presentation compiler with project's scala-library version: 3.3.4
2025.01.08 17:18:38 INFO  no build target found for /home/shahzaibkashif/coding_app/api_coding_app/chisel-template/src/test/scala/TestCase.scala. Using presentation compiler with project's scala-library version: 3.3.4
2025.01.08 17:18:38 INFO  no build target found for /home/shahzaibkashif/coding_app/api_coding_app/chisel-template/src/test/scala/TestCase.scala. Using presentation compiler with project's scala-library version: 3.3.4
2025.01.08 17:18:38 INFO  no build target found for /home/shahzaibkashif/coding_app/api_coding_app/chisel-template/src/test/scala/TestCase.scala. Using presentation compiler with project's scala-library version: 3.3.4
2025.01.08 17:18:52 INFO  no build target found for /home/shahzaibkashif/coding_app/api_coding_app/chisel-template/src/test/scala/TestCase.scala. Using presentation compiler with project's scala-library version: 3.3.4
2025.01.08 17:18:56 INFO  no build target found for /home/shahzaibkashif/coding_app/api_coding_app/chisel-template/src/test/scala/TestCase.scala. Using presentation compiler with project's scala-library version: 3.3.4
2025.01.08 17:19:21 INFO  no build target found for /home/shahzaibkashif/coding_app/api_coding_app/chisel-template/src/test/scala/gcd/GCDSpec.scala. Using presentation compiler with project's scala-library version: 3.3.4
2025.01.08 17:19:21 WARN  Could not find semantic tokens for: file:///home/shahzaibkashif/coding_app/api_coding_app/chisel-template/src/test/scala/gcd/GCDSpec.scala
2025.01.08 17:19:22 INFO  no build target found for /home/shahzaibkashif/coding_app/api_coding_app/chisel-template/src/test/scala/TestCase.scala. Using presentation compiler with project's scala-library version: 3.3.4
2025.01.08 17:19:22 INFO  no build target found for /home/shahzaibkashif/coding_app/api_coding_app/chisel-template/src/test/scala/TestCase.scala. Using presentation compiler with project's scala-library version: 3.3.4
2025.01.08 17:19:22 INFO  no build target found for /home/shahzaibkashif/coding_app/api_coding_app/chisel-template/src/test/scala/TestCase.scala. Using presentation compiler with project's scala-library version: 3.3.4
2025.01.08 17:19:22 INFO  no build target found for /home/shahzaibkashif/coding_app/api_coding_app/chisel-template/src/test/scala/TestCase.scala. Using presentation compiler with project's scala-library version: 3.3.4
2025.01.08 17:51:46 INFO  no build target found for /home/shahzaibkashif/coding_app/api_coding_app/chisel-template/src/test/scala/TestCase.scala. Using presentation compiler with project's scala-library version: 3.3.4
2025.01.08 17:51:46 INFO  no build target found for /home/shahzaibkashif/coding_app/api_coding_app/chisel-template/src/test/scala/TestCase.scala. Using presentation compiler with project's scala-library version: 3.3.4
2025.01.08 17:51:46 INFO  no build target found for /home/shahzaibkashif/coding_app/api_coding_app/chisel-template/src/test/scala/TestCase.scala. Using presentation compiler with project's scala-library version: 3.3.4
2025.01.08 17:51:46 INFO  no build target found for /home/shahzaibkashif/coding_app/api_coding_app/chisel-template/src/test/scala/TestCase.scala. Using presentation compiler with project's scala-library version: 3.3.4
2025.01.08 17:51:51 INFO  no build target found for /home/shahzaibkashif/coding_app/api_coding_app/chisel-template/src/test/scala/TestCase.scala. Using presentation compiler with project's scala-library version: 3.3.4
2025.01.08 17:51:51 INFO  no build target found for /home/shahzaibkashif/coding_app/api_coding_app/chisel-template/src/test/scala/TestCase.scala. Using presentation compiler with project's scala-library version: 3.3.4
2025.01.08 17:51:51 INFO  no build target found for /home/shahzaibkashif/coding_app/api_coding_app/chisel-template/src/test/scala/TestCase.scala. Using presentation compiler with project's scala-library version: 3.3.4
2025.01.08 17:51:52 WARN  no build target for: /home/shahzaibkashif/coding_app/api_coding_app/chisel-template/src/test/scala/TestCase.scala
2025.01.08 17:51:51 INFO  no build target found for /home/shahzaibkashif/coding_app/api_coding_app/chisel-template/src/test/scala/TestCase.scala. Using presentation compiler with project's scala-library version: 3.3.4
2025.01.08 17:51:52 INFO  no build target found for /home/shahzaibkashif/coding_app/api_coding_app/chisel-template/src/test/scala/TestCase.scala. Using presentation compiler with project's scala-library version: 3.3.4
2025.01.08 17:51:52 INFO  no build target found for /home/shahzaibkashif/coding_app/api_coding_app/chisel-template/src/test/scala/TestCase.scala. Using presentation compiler with project's scala-library version: 3.3.4
2025.01.08 18:00:25 INFO  no build target found for /home/shahzaibkashif/coding_app/api_coding_app/chisel-template/src/test/scala/TestCase.scala. Using presentation compiler with project's scala-library version: 3.3.4
2025.01.08 18:00:25 INFO  no build target found for /home/shahzaibkashif/coding_app/api_coding_app/chisel-template/src/test/scala/TestCase.scala. Using presentation compiler with project's scala-library version: 3.3.4
2025.01.08 18:00:25 INFO  no build target found for /home/shahzaibkashif/coding_app/api_coding_app/chisel-template/src/test/scala/TestCase.scala. Using presentation compiler with project's scala-library version: 3.3.4
2025.01.08 18:03:20 INFO  no build target found for /home/shahzaibkashif/coding_app/api_coding_app/chisel-template/src/test/scala/TestCase.scala. Using presentation compiler with project's scala-library version: 3.3.4
2025.01.08 20:10:33 INFO  Started: Metals version 1.4.2 in folders '/home/shahzaibkashif/coding_app/api_coding_app' for client Visual Studio Code 1.93.1.
2025.01.08 20:10:34 INFO  no build target found for /home/shahzaibkashif/coding_app/api_coding_app/chisel-template/src/test/scala/TestCase.scala. Using presentation compiler with project's scala-library version: 3.3.4
2025.01.08 20:10:36 INFO  no build target found for /home/shahzaibkashif/coding_app/api_coding_app/chisel-template/src/test/scala/TestCase.scala. Using presentation compiler with project's scala-library version: 3.3.4
2025.01.08 20:10:37 INFO  no build target found for /home/shahzaibkashif/coding_app/api_coding_app/chisel-template/src/test/scala/TestCase.scala. Using presentation compiler with project's scala-library version: 3.3.4
2025.01.08 20:10:37 INFO  no build target found for /home/shahzaibkashif/coding_app/api_coding_app/chisel-template/src/main/scala/ChiselCode.scala. Using presentation compiler with project's scala-library version: 3.3.4
2025.01.08 20:10:37 INFO  no build target found for /home/shahzaibkashif/coding_app/api_coding_app/chisel-template/src/main/scala/ChiselCode.scala. Using presentation compiler with project's scala-library version: 3.3.4
2025.01.08 20:10:39 INFO  no build target found for /home/shahzaibkashif/coding_app/api_coding_app/chisel-template/src/test/scala/TestCase.scala. Using presentation compiler with project's scala-library version: 3.3.4
2025.01.08 20:10:39 INFO  no build target found for /home/shahzaibkashif/coding_app/api_coding_app/chisel-template/src/test/scala/TestCase.scala. Using presentation compiler with project's scala-library version: 3.3.4
2025.01.08 20:10:39 INFO  no build target found for /home/shahzaibkashif/coding_app/api_coding_app/chisel-template/src/test/scala/TestCase.scala. Using presentation compiler with project's scala-library version: 3.3.4
2025.01.08 20:10:40 INFO  no build target found for /home/shahzaibkashif/coding_app/api_coding_app/chisel-template/src/test/scala/TestCase.scala. Using presentation compiler with project's scala-library version: 3.3.4
2025.01.08 20:10:40 INFO  no build target found for /home/shahzaibkashif/coding_app/api_coding_app/chisel-template/src/test/scala/TestCase.scala. Using presentation compiler with project's scala-library version: 3.3.4
2025.01.08 20:10:40 INFO  no build target found for /home/shahzaibkashif/coding_app/api_coding_app/chisel-template/src/test/scala/TestCase.scala. Using presentation compiler with project's scala-library version: 3.3.4
Jan 08, 2025 8:10:41 PM org.eclipse.lsp4j.jsonrpc.RemoteEndpoint handleCancellation
WARNING: Unmatched cancel notification for request id 23
Jan 08, 2025 8:10:41 PM org.eclipse.lsp4j.jsonrpc.services.GenericEndpoint notify
INFO: Unsupported notification method: $/setTrace
2025.01.08 20:10:43 WARN  Build server is not auto-connectable.
2025.01.08 20:10:43 INFO  no build target found for /home/shahzaibkashif/coding_app/api_coding_app/chisel-template/src/main/scala/ChiselCode.scala. Using presentation compiler with project's scala-library version: 3.3.4
2025.01.08 20:11:02 INFO  no build target found for /home/shahzaibkashif/coding_app/api_coding_app/chisel-template/src/test/scala/TestCase.scala. Using presentation compiler with project's scala-library version: 3.3.4
2025.01.08 20:11:02 INFO  no build target found for /home/shahzaibkashif/coding_app/api_coding_app/chisel-template/src/main/scala/ChiselCode.scala. Using presentation compiler with project's scala-library version: 3.3.4
2025.01.08 20:11:02 INFO  no build target found for /home/shahzaibkashif/coding_app/api_coding_app/chisel-template/src/main/scala/ChiselCode.scala. Using presentation compiler with project's scala-library version: 3.3.4
2025.01.08 20:11:03 INFO  no build target found for /home/shahzaibkashif/coding_app/api_coding_app/chisel-template/src/main/scala/ChiselCode.scala. Using presentation compiler with project's scala-library version: 3.3.4
2025.01.08 20:11:03 INFO  no build target found for /home/shahzaibkashif/coding_app/api_coding_app/chisel-template/src/main/scala/ChiselCode.scala. Using presentation compiler with project's scala-library version: 3.3.4
2025.01.08 20:11:05 INFO  no build target found for /home/shahzaibkashif/coding_app/api_coding_app/chisel-template/src/main/scala/ChiselCode.scala. Using presentation compiler with project's scala-library version: 3.3.4
2025.01.08 20:11:05 INFO  no build target found for /home/shahzaibkashif/coding_app/api_coding_app/chisel-template/src/main/scala/ChiselCode.scala. Using presentation compiler with project's scala-library version: 3.3.4
2025.01.08 20:11:05 INFO  no build target found for /home/shahzaibkashif/coding_app/api_coding_app/chisel-template/src/main/scala/ChiselCode.scala. Using presentation compiler with project's scala-library version: 3.3.4
2025.01.08 20:11:05 INFO  no build target found for /home/shahzaibkashif/coding_app/api_coding_app/chisel-template/src/main/scala/ChiselCode.scala. Using presentation compiler with project's scala-library version: 3.3.4
2025.01.08 20:11:17 INFO  no build target found for /home/shahzaibkashif/coding_app/api_coding_app/chisel-template/src/test/scala/TestCase.scala. Using presentation compiler with project's scala-library version: 3.3.4
2025.01.08 20:11:17 INFO  no build target found for /home/shahzaibkashif/coding_app/api_coding_app/chisel-template/src/test/scala/TestCase.scala. Using presentation compiler with project's scala-library version: 3.3.4
2025.01.08 20:11:18 INFO  no build target found for /home/shahzaibkashif/coding_app/api_coding_app/chisel-template/src/test/scala/TestCase.scala. Using presentation compiler with project's scala-library version: 3.3.4
2025.01.08 20:11:17 INFO  no build target found for /home/shahzaibkashif/coding_app/api_coding_app/chisel-template/src/test/scala/TestCase.scala. Using presentation compiler with project's scala-library version: 3.3.4
2025.01.08 20:11:17 INFO  no build target found for /home/shahzaibkashif/coding_app/api_coding_app/chisel-template/src/test/scala/TestCase.scala. Using presentation compiler with project's scala-library version: 3.3.4
2025.01.08 20:11:17 INFO  no build target found for /home/shahzaibkashif/coding_app/api_coding_app/chisel-template/src/test/scala/TestCase.scala. Using presentation compiler with project's scala-library version: 3.3.4
2025.01.08 20:11:17 INFO  no build target found for /home/shahzaibkashif/coding_app/api_coding_app/chisel-template/src/test/scala/TestCase.scala. Using presentation compiler with project's scala-library version: 3.3.4
2025.01.08 20:11:19 INFO  no build target found for /home/shahzaibkashif/coding_app/api_coding_app/chisel-template/src/test/scala/TestCase.scala. Using presentation compiler with project's scala-library version: 3.3.4
2025.01.08 20:11:19 INFO  no build target found for /home/shahzaibkashif/coding_app/api_coding_app/chisel-template/src/test/scala/TestCase.scala. Using presentation compiler with project's scala-library version: 3.3.4
2025.01.08 20:16:12 INFO  no build target found for /home/shahzaibkashif/coding_app/api_coding_app/chisel-template/src/test/scala/TestCase.scala. Using presentation compiler with project's scala-library version: 3.3.4
2025.01.08 20:16:12 INFO  no build target found for /home/shahzaibkashif/coding_app/api_coding_app/chisel-template/src/test/scala/TestCase.scala. Using presentation compiler with project's scala-library version: 3.3.4
2025.01.08 20:16:12 INFO  no build target found for /home/shahzaibkashif/coding_app/api_coding_app/chisel-template/src/test/scala/TestCase.scala. Using presentation compiler with project's scala-library version: 3.3.4
2025.01.08 20:20:42 INFO  no build target found for /home/shahzaibkashif/coding_app/api_coding_app/chisel-template/src/main/scala/ChiselCode.scala. Using presentation compiler with project's scala-library version: 3.3.4
2025.01.08 20:20:42 INFO  no build target found for /home/shahzaibkashif/coding_app/api_coding_app/chisel-template/src/main/scala/ChiselCode.scala. Using presentation compiler with project's scala-library version: 3.3.4
2025.01.08 20:20:42 INFO  no build target found for /home/shahzaibkashif/coding_app/api_coding_app/chisel-template/src/main/scala/ChiselCode.scala. Using presentation compiler with project's scala-library version: 3.3.4
2025.01.08 20:20:42 INFO  no build target found for /home/shahzaibkashif/coding_app/api_coding_app/chisel-template/src/main/scala/ChiselCode.scala. Using presentation compiler with project's scala-library version: 3.3.4
2025.01.08 20:20:42 INFO  no build target found for /home/shahzaibkashif/coding_app/api_coding_app/chisel-template/src/main/scala/ChiselCode.scala. Using presentation compiler with project's scala-library version: 3.3.4
2025.01.08 20:20:42 INFO  no build target found for /home/shahzaibkashif/coding_app/api_coding_app/chisel-template/src/main/scala/ChiselCode.scala. Using presentation compiler with project's scala-library version: 3.3.4
2025.01.08 20:20:42 INFO  no build target found for /home/shahzaibkashif/coding_app/api_coding_app/chisel-template/src/main/scala/ChiselCode.scala. Using presentation compiler with project's scala-library version: 3.3.4
2025.01.08 20:20:42 INFO  no build target found for /home/shahzaibkashif/coding_app/api_coding_app/chisel-template/src/main/scala/ChiselCode.scala. Using presentation compiler with project's scala-library version: 3.3.4
2025.01.08 20:21:04 INFO  no build target found for /home/shahzaibkashif/coding_app/api_coding_app/chisel-template/src/test/scala/TestCase.scala. Using presentation compiler with project's scala-library version: 3.3.4
2025.01.08 20:21:04 INFO  no build target found for /home/shahzaibkashif/coding_app/api_coding_app/chisel-template/src/test/scala/TestCase.scala. Using presentation compiler with project's scala-library version: 3.3.4
2025.01.08 20:21:04 INFO  no build target found for /home/shahzaibkashif/coding_app/api_coding_app/chisel-template/src/test/scala/TestCase.scala. Using presentation compiler with project's scala-library version: 3.3.4
2025.01.08 20:21:04 INFO  no build target found for /home/shahzaibkashif/coding_app/api_coding_app/chisel-template/src/test/scala/TestCase.scala. Using presentation compiler with project's scala-library version: 3.3.4
2025.01.08 20:21:04 INFO  no build target found for /home/shahzaibkashif/coding_app/api_coding_app/chisel-template/src/test/scala/TestCase.scala. Using presentation compiler with project's scala-library version: 3.3.4
2025.01.08 20:21:04 INFO  no build target found for /home/shahzaibkashif/coding_app/api_coding_app/chisel-template/src/test/scala/TestCase.scala. Using presentation compiler with project's scala-library version: 3.3.4
2025.01.08 20:21:04 INFO  no build target found for /home/shahzaibkashif/coding_app/api_coding_app/chisel-template/src/test/scala/TestCase.scala. Using presentation compiler with project's scala-library version: 3.3.4
2025.01.08 20:21:06 INFO  no build target found for /home/shahzaibkashif/coding_app/api_coding_app/chisel-template/src/test/scala/TestCase.scala. Using presentation compiler with project's scala-library version: 3.3.4
2025.01.08 20:21:06 INFO  no build target found for /home/shahzaibkashif/coding_app/api_coding_app/chisel-template/src/test/scala/TestCase.scala. Using presentation compiler with project's scala-library version: 3.3.4
2025.01.08 20:21:06 INFO  no build target found for /home/shahzaibkashif/coding_app/api_coding_app/chisel-template/src/test/scala/TestCase.scala. Using presentation compiler with project's scala-library version: 3.3.4
2025.01.08 20:21:06 INFO  no build target found for /home/shahzaibkashif/coding_app/api_coding_app/chisel-template/src/test/scala/TestCase.scala. Using presentation compiler with project's scala-library version: 3.3.4
2025.01.08 20:22:27 INFO  no build target found for /home/shahzaibkashif/coding_app/api_coding_app/chisel-template/src/test/scala/TestCase.scala. Using presentation compiler with project's scala-library version: 3.3.4
2025.01.08 20:22:27 INFO  no build target found for /home/shahzaibkashif/coding_app/api_coding_app/chisel-template/src/test/scala/TestCase.scala. Using presentation compiler with project's scala-library version: 3.3.4
2025.01.08 20:23:20 INFO  no build target found for /home/shahzaibkashif/coding_app/api_coding_app/chisel-template/src/main/scala/ChiselCode.scala. Using presentation compiler with project's scala-library version: 3.3.4
Jan 08, 2025 8:23:37 PM org.eclipse.lsp4j.jsonrpc.services.GenericEndpoint notify
INFO: Unsupported notification method: $/setTrace
2025.01.08 20:26:48 INFO  no build target found for /home/shahzaibkashif/coding_app/api_coding_app/chisel-template/src/test/scala/TestCase.scala. Using presentation compiler with project's scala-library version: 3.3.4
2025.01.08 21:06:45 INFO  no build target found for /home/shahzaibkashif/coding_app/api_coding_app/chisel-template/src/test/scala/TestCase.scala. Using presentation compiler with project's scala-library version: 3.3.4
2025.01.08 21:53:01 INFO  Shutting down server
2025.01.08 21:53:01 INFO  shutting down Metals
2025.01.08 21:53:01 INFO  Exiting server
2025.01.08 21:53:01 ERROR Unexpected error initializing server: 
org.eclipse.lsp4j.jsonrpc.ResponseErrorException: Request window/showMessageRequest failed with message: Canceled
	at org.eclipse.lsp4j.jsonrpc.RemoteEndpoint.handleResponse(RemoteEndpoint.java:220)
	at org.eclipse.lsp4j.jsonrpc.RemoteEndpoint.consume(RemoteEndpoint.java:204)
	at org.eclipse.lsp4j.jsonrpc.json.StreamMessageProducer.handleMessage(StreamMessageProducer.java:185)
	at org.eclipse.lsp4j.jsonrpc.json.StreamMessageProducer.listen(StreamMessageProducer.java:97)
	at org.eclipse.lsp4j.jsonrpc.json.ConcurrentMessageProcessor.run(ConcurrentMessageProcessor.java:114)
	at java.util.concurrent.Executors$RunnableAdapter.call(Executors.java:539)
	at java.util.concurrent.FutureTask.run(FutureTask.java:264)
	at java.util.concurrent.ThreadPoolExecutor.runWorker(ThreadPoolExecutor.java:1136)
	at java.util.concurrent.ThreadPoolExecutor$Worker.run(ThreadPoolExecutor.java:635)
	at java.lang.Thread.run(Thread.java:833)

Jan 08, 2025 11:58:12 PM org.eclipse.lsp4j.jsonrpc.services.GenericEndpoint notify
INFO: Unsupported notification method: $/setTrace
2025.01.09 00:22:58 INFO  no build target found for /home/shahzaibkashif/coding_app/api_coding_app/chisel-template/src/test/scala/TestCase.scala. Using presentation compiler with project's scala-library version: 3.3.4
2025.01.09 00:28:51 INFO  no build target found for /home/shahzaibkashif/coding_app/api_coding_app/chisel-template/src/test/scala/TestCase.scala. Using presentation compiler with project's scala-library version: 3.3.4
2025.01.09 04:44:19 INFO  Shutting down server
2025.01.09 04:44:19 INFO  shutting down Metals
2025.01.09 04:44:19 INFO  Exiting server
2025.01.10 16:24:44 INFO  Started: Metals version 1.4.2 in folders '/home/shahzaibkashif/coding_app/api_coding_app' for client Visual Studio Code 1.95.2.
Jan 10, 2025 4:41:14 PM org.eclipse.lsp4j.jsonrpc.services.GenericEndpoint notify
INFO: Unsupported notification method: $/setTrace
Jan 10, 2025 4:41:28 PM org.eclipse.lsp4j.jsonrpc.services.GenericEndpoint notify
INFO: Unsupported notification method: $/setTrace
Jan 10, 2025 5:53:08 PM org.eclipse.lsp4j.jsonrpc.services.GenericEndpoint notify
INFO: Unsupported notification method: $/setTrace
2025.01.11 00:45:53 INFO  Shutting down server
2025.01.11 00:45:53 INFO  shutting down Metals
2025.01.11 00:45:53 INFO  Exiting server
2025.01.15 14:17:11 INFO  Started: Metals version 1.4.2 in folders '/home/shahzaibkashif/coding_app/api_coding_app' for client Visual Studio Code 1.95.2.
Jan 15, 2025 2:34:19 PM org.eclipse.lsp4j.jsonrpc.services.GenericEndpoint notify
INFO: Unsupported notification method: $/setTrace
2025.01.15 16:41:15 INFO  Shutting down server
2025.01.15 16:41:15 INFO  shutting down Metals
